
Efinix Static Timing Analysis Report
Version: 2023.1.150
Date: Thu Jan 18 10:08:55 2024

Copyright (C) 2013 - 2023  Inc. All rights reserved.

Top-level Entity Name: uartmod

SDC Filename: E:/intern/project/uartmod/EX1.sdc

Timing Model: C4
	temperature : 0C to 85C
	voltage : 1.2V +/-50mV
	speedgrade : 4
	technology : s40ll
	status : final

---------- Table of Contents (begin) ----------
   1. Clock Frequency Summary
   2. Clock Relationship Summary
   3. Path Details for Max Critical Paths
   4. Path Details for Min Critical Paths
---------- Table of Contents (end) ------------

---------- 1. Clock Frequency Summary (begin) ----------

User target constrained clocks
 Clock Name  Period (ns)  Frequency (MHz)   Waveform      Targets
  i_Clock       1.000        1000.000     {0.000 0.500}  {i_Clock}

Maximum possible analyzed clocks frequency
 Clock Name  Period (ns)  Frequency (MHz)     Edge
  i_Clock       6.686        149.566         (R-R)

Geomean max period: 6.686

---------- Clock Frequency Summary (end) ---------------

---------- 2. Clock Relationship Summary (begin) ----------

Setup (Max) Clock Relationship
  Launch Clock    Capture Clock   Constraint (ns)     Slack (ns)          Edge
    i_Clock          i_Clock           1.000            -5.686           (R-R)

Hold (Min) Clock Relationship
  Launch Clock    Capture Clock   Constraint (ns)     Slack (ns)          Edge
    i_Clock          i_Clock           0.000            0.307            (R-R)

NOTE: Values are in nanoseconds.

---------- Clock Relationship Summary (end) ---------------

---------- 3. Path Details for Max Critical Paths (begin) ----------

################################################################################
Path Detail Report (i_Clock vs i_Clock)
################################################################################


++++ Path 1 ++++++++++++++++++++++++++++++++++++++++++++++++++++++++++++++++++++

Path Begin    : r0/baud_rate_cycles[1]~FF|CLK        
Path End      : b[0]~FF|CE                           
Launch Clock  : i_Clock (RISE)                       
Capture Clock : i_Clock (RISE)                       
Slack         : -5.686 (required time - arrival time)
Delay         : 6.109                                

Logic Level             : 5
Non-global nets on path : 6
Global nets on path     : 0

Launch Clock Path Delay        : 13.946
+ Clock To Q + Data Path Delay :  6.566
---------------------------------------
End-of-path arrival time       : 20.512

Constraint                     :  1.000
+ Capture Clock Path Delay     : 13.946
- Clock Uncertainty            :  0.120
---------------------------------------
End-of-path required time      : 14.826

Launch Clock Path
            name               model name   delay (ns)  cumulative delay (ns) pins on net    location
=======================================================================================================
i_Clock                          inpad        0.000             0.000               0        (338,5)
i_Clock                          inpad        0.200             0.200               2        (338,5)
i_Clock                          net          8.956             9.156               2        (338,5)
   Routing elements:
      Manhattan distance of X:337, Y:313
CLKBUF__0|I                      gbuf         4.790            13.946               2        (1,318)
CLKBUF__0|O                      gbuf         0.000            13.946              92        (1,318)
i_Clock~O                        net          0.000            13.946              92        (1,318)
r0/baud_rate_cycles[1]~FF|CLK    ff           0.000            13.946              92        (30,41)

Data Path
           name              model name   delay (ns)  cumulative delay (ns) pins on net    location
=====================================================================================================
r0/baud_rate_cycles[1]~FF|Q     ff          0.282             0.282               8        (30,41)
r0/baud_rate_cycles[1]          net         1.123             1.405               8        (30,41)
   Routing elements:
      Manhattan distance of X:9, Y:0
LUT__709|in[0]                  lut         0.000             1.405               8        (21,41)
LUT__709|out                    lut         0.000             1.405              16        (21,41)
n439                            net         0.913             2.318              16        (21,41)
   Routing elements:
      Manhattan distance of X:0, Y:5
LUT__768|in[3]                  lut         0.000             2.318              16        (21,36)
LUT__768|out                    lut         0.000             2.318               3        (21,36)
n477                            net         1.016             3.334               3        (21,36)
   Routing elements:
      Manhattan distance of X:0, Y:2
LUT__769|in[0]                  lut         0.000             3.334               3        (21,34)
LUT__769|out                    lut         0.000             3.334               4        (21,34)
n478                            net         0.941             4.275               4        (21,34)
   Routing elements:
      Manhattan distance of X:4, Y:0
LUT__792|in[2]                  lut         0.000             4.275               4        (25,34)
LUT__792|out                    lut         0.000             4.275              13        (25,34)
r0/LessThan_20/n22              net         0.864             5.139              13        (25,34)
   Routing elements:
      Manhattan distance of X:20, Y:6
LUT__805|in[1]                  lut         0.000             5.139              13        (45,40)
LUT__805|out                    lut         0.000             5.139               2        (45,40)
r0/n666                         net         1.252             6.391               2        (45,40)
   Routing elements:
      Manhattan distance of X:3, Y:0
b[0]~FF|CE                      ff          0.175             6.566               2        (48,40)

Capture Clock Path
    name      model name   delay (ns)  cumulative delay (ns) pins on net    location
======================================================================================
i_Clock         inpad        0.000             0.000               0        (338,5)
i_Clock         inpad        0.200             0.200               2        (338,5)
i_Clock         net          8.956             9.156               2        (338,5)
   Routing elements:
      Manhattan distance of X:337, Y:313
CLKBUF__0|I     gbuf         4.790            13.946               2        (1,318)
CLKBUF__0|O     gbuf         0.000            13.946              92        (1,318)
i_Clock~O       net          0.000            13.946              92        (1,318)
b[0]~FF|CLK     ff           0.000            13.946              92        (48,40)

---------- Path Details for Max Critical Paths (end) ---------------

---------- 4. Path Details for Min Critical Paths (begin) ----------

################################################################################
Path Detail Report (i_Clock vs i_Clock)
################################################################################


++++ Path 1 ++++++++++++++++++++++++++++++++++++++++++++++++++++++++++++++++++++

Path Begin    : r0/r_SM_Main[1]~FF|CLK              
Path End      : r0/r_Clock_Count[10]~FF|D           
Launch Clock  : i_Clock (RISE)                      
Capture Clock : i_Clock (RISE)                      
Slack         : 0.307 (arrival time - required time)
Delay         : 0.226                               

Logic Level             : 1
Non-global nets on path : 1
Global nets on path     : 0

Launch Clock Path Delay        : 6.973
+ Clock To Q + Data Path Delay : 0.367
--------------------------------------
End-of-path arrival time       : 7.340

Constraint                     : 0.000
+ Capture Clock Path Delay     : 6.973
+ Clock Uncertainty            : 0.060
--------------------------------------
End-of-path required time      : 7.033

Launch Clock Path
         name           model name   delay (ns)  cumulative delay (ns) pins on net    location
================================================================================================
i_Clock                   inpad        0.000             0.000               0        (338,5)
i_Clock                   inpad        0.100             0.100               2        (338,5)
i_Clock                   net          4.478             4.578               2        (338,5)
   Routing elements:
      Manhattan distance of X:337, Y:313
CLKBUF__0|I               gbuf         2.395             6.973               2        (1,318)
CLKBUF__0|O               gbuf         0.000             6.973              92        (1,318)
i_Clock~O                 net          0.000             6.973              92        (1,318)
r0/r_SM_Main[1]~FF|CLK    ff           0.000             6.973              92        (28,34)

Data Path
          name             model name   delay (ns)  cumulative delay (ns) pins on net    location
===================================================================================================
r0/r_SM_Main[1]~FF|Q          ff          0.141             0.141              14        (28,34)
r0/r_SM_Main[1]               net         0.226             0.367              14        (28,34)
   Routing elements:
      Manhattan distance of X:2, Y:0
LUT__827|in[3]                lut         0.000             0.367              14        (30,34)
LUT__827|out                  lut         0.000             0.367               2        (30,34)
r0/r_Clock_Count[10]~FF|D     ff          0.000             0.367               2        (30,34)

Capture Clock Path
           name              model name   delay (ns)  cumulative delay (ns) pins on net    location
=====================================================================================================
i_Clock                        inpad        0.000             0.000               0        (338,5)
i_Clock                        inpad        0.100             0.100               2        (338,5)
i_Clock                        net          4.478             4.578               2        (338,5)
   Routing elements:
      Manhattan distance of X:337, Y:313
CLKBUF__0|I                    gbuf         2.395             6.973               2        (1,318)
CLKBUF__0|O                    gbuf         0.000             6.973              92        (1,318)
i_Clock~O                      net          0.000             6.973              92        (1,318)
r0/r_Clock_Count[10]~FF|CLK    ff           0.000             6.973              92        (30,34)

---------- Path Details for Min Critical Paths (end) ---------------

