
///////////////////////////////////
// Efinity Synthesis Started 
// Dec 13, 2023 14:57:57
///////////////////////////////////


///////////////////////////////////
// Efinity Synthesis Started 
// Dec 13, 2023 14:58:33
///////////////////////////////////


///////////////////////////////////
// Efinity Synthesis Started 
// Dec 13, 2023 15:03:52
///////////////////////////////////


///////////////////////////////////
// Efinity Synthesis Started 
// Dec 13, 2023 15:16:11
///////////////////////////////////


///////////////////////////////////
// Efinity Synthesis Started 
// Dec 13, 2023 15:37:41
///////////////////////////////////


///////////////////////////////////
// Efinity Synthesis Started 
// Dec 13, 2023 15:39:49
///////////////////////////////////


///////////////////////////////////
// Efinity Synthesis Started 
// Dec 13, 2023 15:47:58
///////////////////////////////////


///////////////////////////////////
// Efinity Synthesis Started 
// Dec 13, 2023 15:48:37
///////////////////////////////////


///////////////////////////////////
// Efinity Synthesis Started 
// Dec 13, 2023 15:49:24
///////////////////////////////////


///////////////////////////////////
// Efinity Synthesis Started 
// Dec 13, 2023 15:53:45
///////////////////////////////////


///////////////////////////////////
// Efinity Synthesis Started 
// Dec 13, 2023 15:54:22
///////////////////////////////////

[EFX-0011 VERI-WARNING] port 'o_Tx_Active' remains unconnected for this instance (VERI-1927) (E:\intern\project\uartmod\top.v:15)
[EFX-0011 VERI-WARNING] port 'baud_select' remains unconnected for this instance (VERI-1927) (E:\intern\project\uartmod\top.v:17)
[EFX-0011 VERI-WARNING] expression size 10 truncated to fit in target size 9 (VERI-1209) (E:\intern\project\uartmod\utx.v:77)
[EFX-0011 VERI-WARNING] expression size 10 truncated to fit in target size 9 (VERI-1209) (E:\intern\project\uartmod\utx.v:95)
[EFX-0011 VERI-WARNING] expression size 4 truncated to fit in target size 3 (VERI-1209) (E:\intern\project\uartmod\utx.v:105)
[EFX-0011 VERI-WARNING] expression size 10 truncated to fit in target size 9 (VERI-1209) (E:\intern\project\uartmod\utx.v:124)
[EFX-0011 VERI-WARNING] expression size 10 truncated to fit in target size 9 (VERI-1209) (E:\intern\project\uartmod\urx.v:77)
[EFX-0011 VERI-WARNING] expression size 10 truncated to fit in target size 9 (VERI-1209) (E:\intern\project\uartmod\urx.v:87)
[EFX-0011 VERI-WARNING] expression size 4 truncated to fit in target size 3 (VERI-1209) (E:\intern\project\uartmod\urx.v:98)
[EFX-0011 VERI-WARNING] expression size 10 truncated to fit in target size 9 (VERI-1209) (E:\intern\project\uartmod\urx.v:116)
[EFX-0011 VERI-WARNING] expression size 9 truncated to fit in target size 8 (VERI-1209) (E:\intern\project\uartmod\urx.v:143)
[EFX-0011 VERI-WARNING] input port 'baud_select[1]' remains unconnected for this instance (VDB-1053) (E:\intern\project\uartmod\top.v:15)
[EFX-0011 VERI-WARNING] input port 'baud_select[1]' remains unconnected for this instance (VDB-1053) (E:\intern\project\uartmod\top.v:17)
[EFX-0200 WARNING] Removing redundant signal : r_Rx_Byte[8]. (E:\intern\project\uartmod\urx.v:28)
[EFX-0201 WARNING] Re-wiring to GND non-driven net 't0.baud_select[1]'. (E:\intern\project\uartmod\top.v:15)
[EFX-0201 WARNING] Re-wiring to GND non-driven net 't0.baud_select[0]'. (E:\intern\project\uartmod\top.v:15)
[EFX-0201 WARNING] Re-wiring to GND non-driven net 'r0.baud_select[1]'. (E:\intern\project\uartmod\top.v:17)
[EFX-0201 WARNING] Re-wiring to GND non-driven net 'r0.baud_select[0]'. (E:\intern\project\uartmod\top.v:17)
[EFX-0011 VERI-WARNING] Input/Inout Port i_Rx_Serial is unconnected and will be removed 
[EFX-0011 VERI-WARNING] Input/Inout Port baud_select is unconnected and will be removed 

///////////////////////////////////
// Efinity Synthesis Started 
// Dec 13, 2023 16:50:25
///////////////////////////////////

[EFX-0011 VERI-WARNING] port 'o_Tx_Active' remains unconnected for this instance (VERI-1927) (E:\intern\project\uartmod\top.v:15)
[EFX-0011 VERI-WARNING] port 'baud_select' remains unconnected for this instance (VERI-1927) (E:\intern\project\uartmod\top.v:17)
[EFX-0011 VERI-WARNING] expression size 10 truncated to fit in target size 9 (VERI-1209) (E:\intern\project\uartmod\utx.v:77)
[EFX-0011 VERI-WARNING] expression size 10 truncated to fit in target size 9 (VERI-1209) (E:\intern\project\uartmod\utx.v:95)
[EFX-0011 VERI-WARNING] expression size 4 truncated to fit in target size 3 (VERI-1209) (E:\intern\project\uartmod\utx.v:105)
[EFX-0011 VERI-WARNING] expression size 10 truncated to fit in target size 9 (VERI-1209) (E:\intern\project\uartmod\utx.v:124)
[EFX-0011 VERI-WARNING] expression size 10 truncated to fit in target size 9 (VERI-1209) (E:\intern\project\uartmod\urx.v:77)
[EFX-0011 VERI-WARNING] expression size 10 truncated to fit in target size 9 (VERI-1209) (E:\intern\project\uartmod\urx.v:87)
[EFX-0011 VERI-WARNING] expression size 4 truncated to fit in target size 3 (VERI-1209) (E:\intern\project\uartmod\urx.v:98)
[EFX-0011 VERI-WARNING] expression size 10 truncated to fit in target size 9 (VERI-1209) (E:\intern\project\uartmod\urx.v:116)
[EFX-0011 VERI-WARNING] expression size 9 truncated to fit in target size 8 (VERI-1209) (E:\intern\project\uartmod\urx.v:143)
[EFX-0011 VERI-WARNING] input port 'baud_select[1]' remains unconnected for this instance (VDB-1053) (E:\intern\project\uartmod\top.v:15)
[EFX-0011 VERI-WARNING] input port 'baud_select[1]' remains unconnected for this instance (VDB-1053) (E:\intern\project\uartmod\top.v:17)
[EFX-0200 WARNING] Removing redundant signal : r_Rx_Byte[8]. (E:\intern\project\uartmod\urx.v:28)
[EFX-0201 WARNING] Re-wiring to GND non-driven net 't0.baud_select[1]'. (E:\intern\project\uartmod\top.v:15)
[EFX-0201 WARNING] Re-wiring to GND non-driven net 't0.baud_select[0]'. (E:\intern\project\uartmod\top.v:15)
[EFX-0201 WARNING] Re-wiring to GND non-driven net 'r0.baud_select[1]'. (E:\intern\project\uartmod\top.v:17)
[EFX-0201 WARNING] Re-wiring to GND non-driven net 'r0.baud_select[0]'. (E:\intern\project\uartmod\top.v:17)
[EFX-0011 VERI-WARNING] Input/Inout Port i_Rx_Serial is unconnected and will be removed 
[EFX-0011 VERI-WARNING] Input/Inout Port baud_select is unconnected and will be removed 

///////////////////////////////////
// Efinity Synthesis Started 
// Dec 13, 2023 17:05:27
///////////////////////////////////


///////////////////////////////////
// Efinity Synthesis Started 
// Dec 13, 2023 17:05:43
///////////////////////////////////


///////////////////////////////////
// Efinity Synthesis Started 
// Dec 13, 2023 17:06:04
///////////////////////////////////

[EFX-0011 VERI-WARNING] port 'o_Tx_Active' remains unconnected for this instance (VERI-1927) (E:\intern\project\uartmod\top.v:15)
[EFX-0011 VERI-WARNING] port 'baud_select' remains unconnected for this instance (VERI-1927) (E:\intern\project\uartmod\top.v:17)
[EFX-0011 VERI-WARNING] expression size 10 truncated to fit in target size 9 (VERI-1209) (E:\intern\project\uartmod\utx.v:77)
[EFX-0011 VERI-WARNING] expression size 10 truncated to fit in target size 9 (VERI-1209) (E:\intern\project\uartmod\utx.v:95)
[EFX-0011 VERI-WARNING] expression size 4 truncated to fit in target size 3 (VERI-1209) (E:\intern\project\uartmod\utx.v:105)
[EFX-0011 VERI-WARNING] expression size 10 truncated to fit in target size 9 (VERI-1209) (E:\intern\project\uartmod\utx.v:124)
[EFX-0011 VERI-WARNING] expression size 10 truncated to fit in target size 9 (VERI-1209) (E:\intern\project\uartmod\urx.v:77)
[EFX-0011 VERI-WARNING] expression size 10 truncated to fit in target size 9 (VERI-1209) (E:\intern\project\uartmod\urx.v:87)
[EFX-0011 VERI-WARNING] expression size 4 truncated to fit in target size 3 (VERI-1209) (E:\intern\project\uartmod\urx.v:98)
[EFX-0011 VERI-WARNING] expression size 10 truncated to fit in target size 9 (VERI-1209) (E:\intern\project\uartmod\urx.v:116)
[EFX-0011 VERI-WARNING] expression size 9 truncated to fit in target size 8 (VERI-1209) (E:\intern\project\uartmod\urx.v:143)
[EFX-0011 VERI-WARNING] input port 'baud_select[1]' remains unconnected for this instance (VDB-1053) (E:\intern\project\uartmod\top.v:15)
[EFX-0011 VERI-WARNING] input port 'baud_select[1]' remains unconnected for this instance (VDB-1053) (E:\intern\project\uartmod\top.v:17)
[EFX-0200 WARNING] Removing redundant signal : r_Rx_Byte[8]. (E:\intern\project\uartmod\urx.v:28)
[EFX-0201 WARNING] Re-wiring to GND non-driven net 't0.baud_select[1]'. (E:\intern\project\uartmod\top.v:15)
[EFX-0201 WARNING] Re-wiring to GND non-driven net 't0.baud_select[0]'. (E:\intern\project\uartmod\top.v:15)
[EFX-0201 WARNING] Re-wiring to GND non-driven net 'r0.baud_select[1]'. (E:\intern\project\uartmod\top.v:17)
[EFX-0201 WARNING] Re-wiring to GND non-driven net 'r0.baud_select[0]'. (E:\intern\project\uartmod\top.v:17)
[EFX-0011 VERI-WARNING] Input/Inout Port i_Rx_Serial is unconnected and will be removed 
[EFX-0011 VERI-WARNING] Input/Inout Port baud_select is unconnected and will be removed 

///////////////////////////////////
// Efinity Synthesis Started 
// Dec 13, 2023 17:08:09
///////////////////////////////////

[EFX-0011 VERI-WARNING] port 'o_Tx_Active' remains unconnected for this instance (VERI-1927) (E:\intern\project\uartmod\top.v:15)
[EFX-0011 VERI-WARNING] port 'baud_select' remains unconnected for this instance (VERI-1927) (E:\intern\project\uartmod\top.v:17)
[EFX-0011 VERI-WARNING] expression size 10 truncated to fit in target size 9 (VERI-1209) (E:\intern\project\uartmod\utx.v:77)
[EFX-0011 VERI-WARNING] expression size 10 truncated to fit in target size 9 (VERI-1209) (E:\intern\project\uartmod\utx.v:95)
[EFX-0011 VERI-WARNING] expression size 4 truncated to fit in target size 3 (VERI-1209) (E:\intern\project\uartmod\utx.v:105)
[EFX-0011 VERI-WARNING] expression size 10 truncated to fit in target size 9 (VERI-1209) (E:\intern\project\uartmod\utx.v:124)
[EFX-0011 VERI-WARNING] expression size 10 truncated to fit in target size 9 (VERI-1209) (E:\intern\project\uartmod\urx.v:77)
[EFX-0011 VERI-WARNING] expression size 10 truncated to fit in target size 9 (VERI-1209) (E:\intern\project\uartmod\urx.v:87)
[EFX-0011 VERI-WARNING] expression size 4 truncated to fit in target size 3 (VERI-1209) (E:\intern\project\uartmod\urx.v:98)
[EFX-0011 VERI-WARNING] expression size 10 truncated to fit in target size 9 (VERI-1209) (E:\intern\project\uartmod\urx.v:116)
[EFX-0011 VERI-WARNING] expression size 9 truncated to fit in target size 8 (VERI-1209) (E:\intern\project\uartmod\urx.v:143)
[EFX-0011 VERI-WARNING] input port 'baud_select[1]' remains unconnected for this instance (VDB-1053) (E:\intern\project\uartmod\top.v:15)
[EFX-0011 VERI-WARNING] input port 'baud_select[1]' remains unconnected for this instance (VDB-1053) (E:\intern\project\uartmod\top.v:17)
[EFX-0200 WARNING] Removing redundant signal : r_Rx_Byte[8]. (E:\intern\project\uartmod\urx.v:28)
[EFX-0201 WARNING] Re-wiring to GND non-driven net 't0.baud_select[1]'. (E:\intern\project\uartmod\top.v:15)
[EFX-0201 WARNING] Re-wiring to GND non-driven net 't0.baud_select[0]'. (E:\intern\project\uartmod\top.v:15)
[EFX-0201 WARNING] Re-wiring to GND non-driven net 'r0.baud_select[1]'. (E:\intern\project\uartmod\top.v:17)
[EFX-0201 WARNING] Re-wiring to GND non-driven net 'r0.baud_select[0]'. (E:\intern\project\uartmod\top.v:17)
[EFX-0011 VERI-WARNING] Input/Inout Port i_Rx_Serial is unconnected and will be removed 
[EFX-0011 VERI-WARNING] Input/Inout Port baud_select is unconnected and will be removed 

///////////////////////////////////
// Efinity Synthesis Started 
// Dec 13, 2023 17:25:57
///////////////////////////////////

[EFX-0011 VERI-WARNING] port 'o_Tx_Active' remains unconnected for this instance (VERI-1927) (E:\intern\project\uartmod\top.v:15)
[EFX-0011 VERI-WARNING] port 'baud_select' remains unconnected for this instance (VERI-1927) (E:\intern\project\uartmod\top.v:17)
[EFX-0011 VERI-WARNING] expression size 10 truncated to fit in target size 9 (VERI-1209) (E:\intern\project\uartmod\utx.v:77)
[EFX-0011 VERI-WARNING] expression size 10 truncated to fit in target size 9 (VERI-1209) (E:\intern\project\uartmod\utx.v:95)
[EFX-0011 VERI-WARNING] expression size 4 truncated to fit in target size 3 (VERI-1209) (E:\intern\project\uartmod\utx.v:105)
[EFX-0011 VERI-WARNING] expression size 10 truncated to fit in target size 9 (VERI-1209) (E:\intern\project\uartmod\utx.v:124)
[EFX-0011 VERI-WARNING] expression size 10 truncated to fit in target size 9 (VERI-1209) (E:\intern\project\uartmod\urx.v:77)
[EFX-0011 VERI-WARNING] expression size 10 truncated to fit in target size 9 (VERI-1209) (E:\intern\project\uartmod\urx.v:87)
[EFX-0011 VERI-WARNING] expression size 4 truncated to fit in target size 3 (VERI-1209) (E:\intern\project\uartmod\urx.v:98)
[EFX-0011 VERI-WARNING] expression size 10 truncated to fit in target size 9 (VERI-1209) (E:\intern\project\uartmod\urx.v:116)
[EFX-0011 VERI-WARNING] expression size 9 truncated to fit in target size 8 (VERI-1209) (E:\intern\project\uartmod\urx.v:143)
[EFX-0011 VERI-WARNING] input port 'baud_select[1]' remains unconnected for this instance (VDB-1053) (E:\intern\project\uartmod\top.v:15)
[EFX-0011 VERI-WARNING] input port 'baud_select[1]' remains unconnected for this instance (VDB-1053) (E:\intern\project\uartmod\top.v:17)
[EFX-0200 WARNING] Removing redundant signal : r_Rx_Byte[8]. (E:\intern\project\uartmod\urx.v:28)
[EFX-0201 WARNING] Re-wiring to GND non-driven net 't0.baud_select[1]'. (E:\intern\project\uartmod\top.v:15)
[EFX-0201 WARNING] Re-wiring to GND non-driven net 't0.baud_select[0]'. (E:\intern\project\uartmod\top.v:15)
[EFX-0201 WARNING] Re-wiring to GND non-driven net 'r0.baud_select[1]'. (E:\intern\project\uartmod\top.v:17)
[EFX-0201 WARNING] Re-wiring to GND non-driven net 'r0.baud_select[0]'. (E:\intern\project\uartmod\top.v:17)
[EFX-0011 VERI-WARNING] Input/Inout Port i_Rx_Serial is unconnected and will be removed 
[EFX-0011 VERI-WARNING] Input/Inout Port baud_select is unconnected and will be removed 

///////////////////////////////////
// Efinity Synthesis Started 
// Dec 13, 2023 17:44:22
///////////////////////////////////

[EFX-0011 VERI-WARNING] port 'o_Tx_Active' remains unconnected for this instance (VERI-1927) (E:\intern\project\uartmod\top.v:15)
[EFX-0011 VERI-WARNING] port 'baud_select' remains unconnected for this instance (VERI-1927) (E:\intern\project\uartmod\top.v:17)
[EFX-0011 VERI-WARNING] expression size 10 truncated to fit in target size 9 (VERI-1209) (E:\intern\project\uartmod\utx.v:77)
[EFX-0011 VERI-WARNING] expression size 10 truncated to fit in target size 9 (VERI-1209) (E:\intern\project\uartmod\utx.v:95)
[EFX-0011 VERI-WARNING] expression size 4 truncated to fit in target size 3 (VERI-1209) (E:\intern\project\uartmod\utx.v:105)
[EFX-0011 VERI-WARNING] expression size 10 truncated to fit in target size 9 (VERI-1209) (E:\intern\project\uartmod\utx.v:124)
[EFX-0011 VERI-WARNING] actual bit length 1 differs from formal bit length 2 for port 'baud_select' (VERI-1330) (E:\intern\project\uartmod\top.v:15)
[EFX-0011 VERI-WARNING] expression size 10 truncated to fit in target size 9 (VERI-1209) (E:\intern\project\uartmod\urx.v:77)
[EFX-0011 VERI-WARNING] expression size 10 truncated to fit in target size 9 (VERI-1209) (E:\intern\project\uartmod\urx.v:87)
[EFX-0011 VERI-WARNING] expression size 4 truncated to fit in target size 3 (VERI-1209) (E:\intern\project\uartmod\urx.v:98)
[EFX-0011 VERI-WARNING] expression size 10 truncated to fit in target size 9 (VERI-1209) (E:\intern\project\uartmod\urx.v:116)
[EFX-0011 VERI-WARNING] expression size 9 truncated to fit in target size 8 (VERI-1209) (E:\intern\project\uartmod\urx.v:143)
[EFX-0011 VERI-WARNING] input port 'baud_select[1]' remains unconnected for this instance (VDB-1053) (E:\intern\project\uartmod\top.v:17)
[EFX-0200 WARNING] Removing redundant signal : r_Rx_Byte[8]. (E:\intern\project\uartmod\urx.v:28)
[EFX-0266 WARNING] Module Instance 't0' input pin tied to constant (baud_select[1]=0).
[EFX-0201 WARNING] Re-wiring to GND non-driven net 'r0.baud_select[1]'. (E:\intern\project\uartmod\top.v:17)
[EFX-0201 WARNING] Re-wiring to GND non-driven net 'r0.baud_select[0]'. (E:\intern\project\uartmod\top.v:17)
[EFX-0011 VERI-WARNING] Input/Inout Port i_Rx_Serial is unconnected and will be removed 
[EFX-0011 VERI-WARNING] Input/Inout Port baud_select is unconnected and will be removed 

///////////////////////////////////
// Efinity Synthesis Started 
// Dec 13, 2023 17:49:30
///////////////////////////////////

[EFX-0011 VERI-WARNING] port 'o_Tx_Active' remains unconnected for this instance (VERI-1927) (E:\intern\project\uartmod\top.v:15)
[EFX-0011 VERI-WARNING] port 'baud_select' remains unconnected for this instance (VERI-1927) (E:\intern\project\uartmod\top.v:17)
[EFX-0011 VERI-WARNING] expression size 10 truncated to fit in target size 9 (VERI-1209) (E:\intern\project\uartmod\utx.v:77)
[EFX-0011 VERI-WARNING] expression size 10 truncated to fit in target size 9 (VERI-1209) (E:\intern\project\uartmod\utx.v:95)
[EFX-0011 VERI-WARNING] expression size 4 truncated to fit in target size 3 (VERI-1209) (E:\intern\project\uartmod\utx.v:105)
[EFX-0011 VERI-WARNING] expression size 10 truncated to fit in target size 9 (VERI-1209) (E:\intern\project\uartmod\utx.v:124)
[EFX-0011 VERI-WARNING] expression size 10 truncated to fit in target size 9 (VERI-1209) (E:\intern\project\uartmod\urx.v:77)
[EFX-0011 VERI-WARNING] expression size 10 truncated to fit in target size 9 (VERI-1209) (E:\intern\project\uartmod\urx.v:87)
[EFX-0011 VERI-WARNING] expression size 4 truncated to fit in target size 3 (VERI-1209) (E:\intern\project\uartmod\urx.v:98)
[EFX-0011 VERI-WARNING] expression size 10 truncated to fit in target size 9 (VERI-1209) (E:\intern\project\uartmod\urx.v:116)
[EFX-0011 VERI-WARNING] expression size 9 truncated to fit in target size 8 (VERI-1209) (E:\intern\project\uartmod\urx.v:143)
[EFX-0011 VERI-WARNING] input port 'baud_select[1]' remains unconnected for this instance (VDB-1053) (E:\intern\project\uartmod\top.v:17)
[EFX-0200 WARNING] Removing redundant signal : r_Rx_Byte[8]. (E:\intern\project\uartmod\urx.v:28)
[EFX-0201 WARNING] Re-wiring to GND non-driven net 'r0.baud_select[1]'. (E:\intern\project\uartmod\top.v:17)
[EFX-0201 WARNING] Re-wiring to GND non-driven net 'r0.baud_select[0]'. (E:\intern\project\uartmod\top.v:17)
[EFX-0011 VERI-WARNING] Input/Inout Port i_Rx_Serial is unconnected and will be removed 
[EFX-0011 VERI-WARNING] Input/Inout Port baud_select[1] is unconnected and will be removed 
[EFX-0011 VERI-WARNING] Input/Inout Port baud_select[0] is unconnected and will be removed 

///////////////////////////////////
// Efinity Synthesis Started 
// Dec 13, 2023 18:12:01
///////////////////////////////////

[EFX-0011 VERI-WARNING] port 'o_Tx_Active' remains unconnected for this instance (VERI-1927) (E:\intern\project\uartmod\top.v:15)
[EFX-0011 VERI-WARNING] expression size 10 truncated to fit in target size 9 (VERI-1209) (E:\intern\project\uartmod\utx.v:77)
[EFX-0011 VERI-WARNING] expression size 10 truncated to fit in target size 9 (VERI-1209) (E:\intern\project\uartmod\utx.v:95)
[EFX-0011 VERI-WARNING] expression size 4 truncated to fit in target size 3 (VERI-1209) (E:\intern\project\uartmod\utx.v:105)
[EFX-0011 VERI-WARNING] expression size 10 truncated to fit in target size 9 (VERI-1209) (E:\intern\project\uartmod\utx.v:124)
[EFX-0011 VERI-WARNING] expression size 10 truncated to fit in target size 9 (VERI-1209) (E:\intern\project\uartmod\urx.v:77)
[EFX-0011 VERI-WARNING] expression size 10 truncated to fit in target size 9 (VERI-1209) (E:\intern\project\uartmod\urx.v:87)
[EFX-0011 VERI-WARNING] expression size 4 truncated to fit in target size 3 (VERI-1209) (E:\intern\project\uartmod\urx.v:98)
[EFX-0011 VERI-WARNING] expression size 10 truncated to fit in target size 9 (VERI-1209) (E:\intern\project\uartmod\urx.v:116)
[EFX-0011 VERI-WARNING] expression size 9 truncated to fit in target size 8 (VERI-1209) (E:\intern\project\uartmod\urx.v:143)
[EFX-0200 WARNING] Removing redundant signal : r_Rx_Byte[8]. (E:\intern\project\uartmod\urx.v:28)

///////////////////////////////////
// Efinity Synthesis Started 
// Dec 14, 2023 09:36:21
///////////////////////////////////

[EFX-0011 VERI-WARNING] port 'o_Tx_Active' remains unconnected for this instance (VERI-1927) (E:\intern\project\uartmod\top.v:15)
[EFX-0011 VERI-WARNING] expression size 10 truncated to fit in target size 9 (VERI-1209) (E:\intern\project\uartmod\utx.v:77)
[EFX-0011 VERI-WARNING] expression size 10 truncated to fit in target size 9 (VERI-1209) (E:\intern\project\uartmod\utx.v:95)
[EFX-0011 VERI-WARNING] expression size 4 truncated to fit in target size 3 (VERI-1209) (E:\intern\project\uartmod\utx.v:105)
[EFX-0011 VERI-WARNING] expression size 10 truncated to fit in target size 9 (VERI-1209) (E:\intern\project\uartmod\utx.v:124)
[EFX-0011 VERI-WARNING] expression size 10 truncated to fit in target size 9 (VERI-1209) (E:\intern\project\uartmod\urx.v:77)
[EFX-0011 VERI-WARNING] expression size 10 truncated to fit in target size 9 (VERI-1209) (E:\intern\project\uartmod\urx.v:87)
[EFX-0011 VERI-WARNING] expression size 4 truncated to fit in target size 3 (VERI-1209) (E:\intern\project\uartmod\urx.v:98)
[EFX-0011 VERI-WARNING] expression size 10 truncated to fit in target size 9 (VERI-1209) (E:\intern\project\uartmod\urx.v:116)
[EFX-0011 VERI-WARNING] expression size 9 truncated to fit in target size 8 (VERI-1209) (E:\intern\project\uartmod\urx.v:143)
[EFX-0200 WARNING] Removing redundant signal : r_Rx_Byte[8]. (E:\intern\project\uartmod\urx.v:28)

///////////////////////////////////
// Efinity Synthesis Started 
// Dec 14, 2023 10:37:55
///////////////////////////////////

[EFX-0011 VERI-WARNING] port 'o_Tx_Active' remains unconnected for this instance (VERI-1927) (E:\intern\project\uartmod\top.v:15)
[EFX-0011 VERI-WARNING] expression size 10 truncated to fit in target size 9 (VERI-1209) (E:\intern\project\uartmod\utx.v:77)
[EFX-0011 VERI-WARNING] expression size 10 truncated to fit in target size 9 (VERI-1209) (E:\intern\project\uartmod\utx.v:95)
[EFX-0011 VERI-WARNING] expression size 4 truncated to fit in target size 3 (VERI-1209) (E:\intern\project\uartmod\utx.v:105)
[EFX-0011 VERI-WARNING] expression size 10 truncated to fit in target size 9 (VERI-1209) (E:\intern\project\uartmod\utx.v:124)
[EFX-0011 VERI-WARNING] expression size 10 truncated to fit in target size 9 (VERI-1209) (E:\intern\project\uartmod\urx.v:77)
[EFX-0011 VERI-WARNING] expression size 10 truncated to fit in target size 9 (VERI-1209) (E:\intern\project\uartmod\urx.v:87)
[EFX-0011 VERI-WARNING] expression size 4 truncated to fit in target size 3 (VERI-1209) (E:\intern\project\uartmod\urx.v:98)
[EFX-0011 VERI-WARNING] expression size 10 truncated to fit in target size 9 (VERI-1209) (E:\intern\project\uartmod\urx.v:116)
[EFX-0011 VERI-WARNING] expression size 9 truncated to fit in target size 8 (VERI-1209) (E:\intern\project\uartmod\urx.v:143)
[EFX-0200 WARNING] Removing redundant signal : r_Rx_Byte[8]. (E:\intern\project\uartmod\urx.v:28)

///////////////////////////////////
// Efinity Synthesis Started 
// Dec 15, 2023 11:57:15
///////////////////////////////////

[EFX-0011 VERI-WARNING] port 'o_Tx_Active' remains unconnected for this instance (VERI-1927) (E:\intern\project\uartmod\top.v:15)
[EFX-0011 VERI-WARNING] expression size 12 truncated to fit in target size 11 (VERI-1209) (E:\intern\project\uartmod\utx.v:78)
[EFX-0011 VERI-WARNING] expression size 12 truncated to fit in target size 11 (VERI-1209) (E:\intern\project\uartmod\utx.v:96)
[EFX-0011 VERI-WARNING] expression size 4 truncated to fit in target size 3 (VERI-1209) (E:\intern\project\uartmod\utx.v:106)
[EFX-0011 VERI-WARNING] expression size 12 truncated to fit in target size 11 (VERI-1209) (E:\intern\project\uartmod\utx.v:125)
[EFX-0011 VERI-WARNING] expression size 12 truncated to fit in target size 11 (VERI-1209) (E:\intern\project\uartmod\urx.v:77)
[EFX-0011 VERI-WARNING] expression size 12 truncated to fit in target size 11 (VERI-1209) (E:\intern\project\uartmod\urx.v:87)
[EFX-0011 VERI-WARNING] expression size 4 truncated to fit in target size 3 (VERI-1209) (E:\intern\project\uartmod\urx.v:98)
[EFX-0011 VERI-WARNING] expression size 12 truncated to fit in target size 11 (VERI-1209) (E:\intern\project\uartmod\urx.v:116)

///////////////////////////////////
// Efinity Synthesis Started 
// Dec 18, 2023 11:35:20
///////////////////////////////////

[EFX-0011 VERI-WARNING] port 'o_Tx_Active' remains unconnected for this instance (VERI-1927) (E:\intern\project\uartmod\top.v:15)
[EFX-0011 VERI-WARNING] expression size 12 truncated to fit in target size 11 (VERI-1209) (E:\intern\project\uartmod\utx.v:78)
[EFX-0011 VERI-WARNING] expression size 12 truncated to fit in target size 11 (VERI-1209) (E:\intern\project\uartmod\utx.v:96)
[EFX-0011 VERI-WARNING] expression size 4 truncated to fit in target size 3 (VERI-1209) (E:\intern\project\uartmod\utx.v:106)
[EFX-0011 VERI-WARNING] expression size 12 truncated to fit in target size 11 (VERI-1209) (E:\intern\project\uartmod\utx.v:125)
[EFX-0011 VERI-WARNING] expression size 12 truncated to fit in target size 11 (VERI-1209) (E:\intern\project\uartmod\urx.v:77)
[EFX-0011 VERI-WARNING] expression size 12 truncated to fit in target size 11 (VERI-1209) (E:\intern\project\uartmod\urx.v:87)
[EFX-0011 VERI-WARNING] expression size 4 truncated to fit in target size 3 (VERI-1209) (E:\intern\project\uartmod\urx.v:98)
[EFX-0011 VERI-WARNING] expression size 12 truncated to fit in target size 11 (VERI-1209) (E:\intern\project\uartmod\urx.v:116)

///////////////////////////////////
// Efinity Synthesis Started 
// Dec 19, 2023 09:25:54
///////////////////////////////////

[EFX-0011 VERI-WARNING] port 'o_Tx_Active' remains unconnected for this instance (VERI-1927) (E:\intern\project\uartmod\top.v:15)
[EFX-0011 VERI-WARNING] expression size 12 truncated to fit in target size 11 (VERI-1209) (E:\intern\project\uartmod\utx.v:78)
[EFX-0011 VERI-WARNING] expression size 12 truncated to fit in target size 11 (VERI-1209) (E:\intern\project\uartmod\utx.v:96)
[EFX-0011 VERI-WARNING] expression size 4 truncated to fit in target size 3 (VERI-1209) (E:\intern\project\uartmod\utx.v:106)
[EFX-0011 VERI-WARNING] expression size 12 truncated to fit in target size 11 (VERI-1209) (E:\intern\project\uartmod\utx.v:125)
[EFX-0011 VERI-WARNING] expression size 12 truncated to fit in target size 11 (VERI-1209) (E:\intern\project\uartmod\urx.v:77)
[EFX-0011 VERI-WARNING] expression size 12 truncated to fit in target size 11 (VERI-1209) (E:\intern\project\uartmod\urx.v:87)
[EFX-0011 VERI-WARNING] expression size 4 truncated to fit in target size 3 (VERI-1209) (E:\intern\project\uartmod\urx.v:98)
[EFX-0011 VERI-WARNING] expression size 12 truncated to fit in target size 11 (VERI-1209) (E:\intern\project\uartmod\urx.v:116)

///////////////////////////////////
// Efinity Synthesis Started 
// Dec 19, 2023 10:43:36
///////////////////////////////////


///////////////////////////////////
// Efinity Synthesis Started 
// Dec 19, 2023 10:44:54
///////////////////////////////////

[EFX-0011 VERI-WARNING] port 'o_Tx_Active' remains unconnected for this instance (VERI-1927) (E:\intern\project\uartmod\top.v:70)
[EFX-0011 VERI-WARNING] expression size 29 truncated to fit in target size 28 (VERI-1209) (E:\intern\project\uartmod\top.v:38)
[EFX-0011 VERI-WARNING] expression size 29 truncated to fit in target size 28 (VERI-1209) (E:\intern\project\uartmod\top.v:39)
[EFX-0011 VERI-WARNING] expression size 29 truncated to fit in target size 28 (VERI-1209) (E:\intern\project\uartmod\top.v:40)
[EFX-0011 VERI-WARNING] expression size 29 truncated to fit in target size 28 (VERI-1209) (E:\intern\project\uartmod\top.v:41)
[EFX-0011 VERI-WARNING] expression size 12 truncated to fit in target size 11 (VERI-1209) (E:\intern\project\uartmod\utx.v:78)
[EFX-0011 VERI-WARNING] expression size 12 truncated to fit in target size 11 (VERI-1209) (E:\intern\project\uartmod\utx.v:96)
[EFX-0011 VERI-WARNING] expression size 4 truncated to fit in target size 3 (VERI-1209) (E:\intern\project\uartmod\utx.v:106)
[EFX-0011 VERI-WARNING] expression size 12 truncated to fit in target size 11 (VERI-1209) (E:\intern\project\uartmod\utx.v:125)
[EFX-0011 VERI-WARNING] expression size 12 truncated to fit in target size 11 (VERI-1209) (E:\intern\project\uartmod\urx.v:77)
[EFX-0011 VERI-WARNING] expression size 12 truncated to fit in target size 11 (VERI-1209) (E:\intern\project\uartmod\urx.v:87)
[EFX-0011 VERI-WARNING] expression size 4 truncated to fit in target size 3 (VERI-1209) (E:\intern\project\uartmod\urx.v:98)
[EFX-0011 VERI-WARNING] expression size 12 truncated to fit in target size 11 (VERI-1209) (E:\intern\project\uartmod\urx.v:116)

///////////////////////////////////
// Efinity Synthesis Started 
// Dec 19, 2023 10:46:33
///////////////////////////////////

[EFX-0011 VERI-WARNING] port 'o_Tx_Active' remains unconnected for this instance (VERI-1927) (E:\intern\project\uartmod\top.v:70)
[EFX-0011 VERI-WARNING] expression size 29 truncated to fit in target size 28 (VERI-1209) (E:\intern\project\uartmod\top.v:38)
[EFX-0011 VERI-WARNING] expression size 29 truncated to fit in target size 28 (VERI-1209) (E:\intern\project\uartmod\top.v:39)
[EFX-0011 VERI-WARNING] expression size 29 truncated to fit in target size 28 (VERI-1209) (E:\intern\project\uartmod\top.v:40)
[EFX-0011 VERI-WARNING] expression size 29 truncated to fit in target size 28 (VERI-1209) (E:\intern\project\uartmod\top.v:41)
[EFX-0011 VERI-WARNING] expression size 12 truncated to fit in target size 11 (VERI-1209) (E:\intern\project\uartmod\utx.v:78)
[EFX-0011 VERI-WARNING] expression size 12 truncated to fit in target size 11 (VERI-1209) (E:\intern\project\uartmod\utx.v:96)
[EFX-0011 VERI-WARNING] expression size 4 truncated to fit in target size 3 (VERI-1209) (E:\intern\project\uartmod\utx.v:106)
[EFX-0011 VERI-WARNING] expression size 12 truncated to fit in target size 11 (VERI-1209) (E:\intern\project\uartmod\utx.v:125)
[EFX-0011 VERI-WARNING] expression size 12 truncated to fit in target size 11 (VERI-1209) (E:\intern\project\uartmod\urx.v:77)
[EFX-0011 VERI-WARNING] expression size 12 truncated to fit in target size 11 (VERI-1209) (E:\intern\project\uartmod\urx.v:87)
[EFX-0011 VERI-WARNING] expression size 4 truncated to fit in target size 3 (VERI-1209) (E:\intern\project\uartmod\urx.v:98)
[EFX-0011 VERI-WARNING] expression size 12 truncated to fit in target size 11 (VERI-1209) (E:\intern\project\uartmod\urx.v:116)

///////////////////////////////////
// Efinity Synthesis Started 
// Dec 19, 2023 10:48:49
///////////////////////////////////


///////////////////////////////////
// Efinity Synthesis Started 
// Dec 19, 2023 10:49:55
///////////////////////////////////

[EFX-0011 VERI-WARNING] variable 'led_1' is used before it is assigned in an always_comb or always @* block; synthesis - simulation differences may occur (VERI-2336) (E:\intern\project\uartmod\top.v:48)
[EFX-0011 VERI-WARNING] variable 'counter_1s' is used before it is assigned in an always_comb or always @* block; synthesis - simulation differences may occur (VERI-2336) (E:\intern\project\uartmod\top.v:49)
[EFX-0011 VERI-WARNING] variable 'led_2' is used before it is assigned in an always_comb or always @* block; synthesis - simulation differences may occur (VERI-2336) (E:\intern\project\uartmod\top.v:53)
[EFX-0011 VERI-WARNING] variable 'counter_2s' is used before it is assigned in an always_comb or always @* block; synthesis - simulation differences may occur (VERI-2336) (E:\intern\project\uartmod\top.v:54)
[EFX-0011 VERI-WARNING] variable 'led_3' is used before it is assigned in an always_comb or always @* block; synthesis - simulation differences may occur (VERI-2336) (E:\intern\project\uartmod\top.v:58)
[EFX-0011 VERI-WARNING] variable 'counter_3s' is used before it is assigned in an always_comb or always @* block; synthesis - simulation differences may occur (VERI-2336) (E:\intern\project\uartmod\top.v:59)
[EFX-0011 VERI-WARNING] variable 'led_4' is used before it is assigned in an always_comb or always @* block; synthesis - simulation differences may occur (VERI-2336) (E:\intern\project\uartmod\top.v:63)
[EFX-0011 VERI-WARNING] variable 'counter_4s' is used before it is assigned in an always_comb or always @* block; synthesis - simulation differences may occur (VERI-2336) (E:\intern\project\uartmod\top.v:64)
[EFX-0011 VERI-WARNING] port 'o_Tx_Active' remains unconnected for this instance (VERI-1927) (E:\intern\project\uartmod\top.v:70)
[EFX-0011 VERI-WARNING] expression size 29 truncated to fit in target size 28 (VERI-1209) (E:\intern\project\uartmod\top.v:38)
[EFX-0011 VERI-WARNING] expression size 29 truncated to fit in target size 28 (VERI-1209) (E:\intern\project\uartmod\top.v:39)
[EFX-0011 VERI-WARNING] expression size 29 truncated to fit in target size 28 (VERI-1209) (E:\intern\project\uartmod\top.v:40)
[EFX-0011 VERI-WARNING] expression size 29 truncated to fit in target size 28 (VERI-1209) (E:\intern\project\uartmod\top.v:41)
[EFX-0011 VERI-WARNING] latch inferred for net 'led_1' (VERI-2580) (E:\intern\project\uartmod\top.v:66)
[EFX-0011 VERI-WARNING] expression size 12 truncated to fit in target size 11 (VERI-1209) (E:\intern\project\uartmod\utx.v:78)
[EFX-0011 VERI-WARNING] expression size 12 truncated to fit in target size 11 (VERI-1209) (E:\intern\project\uartmod\utx.v:96)
[EFX-0011 VERI-WARNING] expression size 4 truncated to fit in target size 3 (VERI-1209) (E:\intern\project\uartmod\utx.v:106)
[EFX-0011 VERI-WARNING] expression size 12 truncated to fit in target size 11 (VERI-1209) (E:\intern\project\uartmod\utx.v:125)
[EFX-0011 VERI-WARNING] expression size 12 truncated to fit in target size 11 (VERI-1209) (E:\intern\project\uartmod\urx.v:77)
[EFX-0011 VERI-WARNING] expression size 12 truncated to fit in target size 11 (VERI-1209) (E:\intern\project\uartmod\urx.v:87)
[EFX-0011 VERI-WARNING] expression size 4 truncated to fit in target size 3 (VERI-1209) (E:\intern\project\uartmod\urx.v:98)
[EFX-0011 VERI-WARNING] expression size 12 truncated to fit in target size 11 (VERI-1209) (E:\intern\project\uartmod\urx.v:116)

///////////////////////////////////
// Efinity Synthesis Started 
// Dec 19, 2023 10:51:23
///////////////////////////////////

[EFX-0011 VERI-WARNING] port 'o_Tx_Active' remains unconnected for this instance (VERI-1927) (E:\intern\project\uartmod\top.v:71)
[EFX-0011 VERI-WARNING] expression size 29 truncated to fit in target size 28 (VERI-1209) (E:\intern\project\uartmod\top.v:38)
[EFX-0011 VERI-WARNING] expression size 29 truncated to fit in target size 28 (VERI-1209) (E:\intern\project\uartmod\top.v:39)
[EFX-0011 VERI-WARNING] expression size 29 truncated to fit in target size 28 (VERI-1209) (E:\intern\project\uartmod\top.v:40)
[EFX-0011 VERI-WARNING] expression size 29 truncated to fit in target size 28 (VERI-1209) (E:\intern\project\uartmod\top.v:41)
[EFX-0011 VERI-WARNING] expression size 12 truncated to fit in target size 11 (VERI-1209) (E:\intern\project\uartmod\utx.v:78)
[EFX-0011 VERI-WARNING] expression size 12 truncated to fit in target size 11 (VERI-1209) (E:\intern\project\uartmod\utx.v:96)
[EFX-0011 VERI-WARNING] expression size 4 truncated to fit in target size 3 (VERI-1209) (E:\intern\project\uartmod\utx.v:106)
[EFX-0011 VERI-WARNING] expression size 12 truncated to fit in target size 11 (VERI-1209) (E:\intern\project\uartmod\utx.v:125)
[EFX-0011 VERI-WARNING] expression size 12 truncated to fit in target size 11 (VERI-1209) (E:\intern\project\uartmod\urx.v:77)
[EFX-0011 VERI-WARNING] expression size 12 truncated to fit in target size 11 (VERI-1209) (E:\intern\project\uartmod\urx.v:87)
[EFX-0011 VERI-WARNING] expression size 4 truncated to fit in target size 3 (VERI-1209) (E:\intern\project\uartmod\urx.v:98)
[EFX-0011 VERI-WARNING] expression size 12 truncated to fit in target size 11 (VERI-1209) (E:\intern\project\uartmod\urx.v:116)

///////////////////////////////////
// Efinity Synthesis Started 
// Dec 19, 2023 11:32:42
///////////////////////////////////

[EFX-0011 VERI-WARNING] port 'o_Tx_Active' remains unconnected for this instance (VERI-1927) (E:\intern\project\uartmod\top.v:71)
[EFX-0011 VERI-WARNING] expression size 29 truncated to fit in target size 28 (VERI-1209) (E:\intern\project\uartmod\top.v:38)
[EFX-0011 VERI-WARNING] expression size 29 truncated to fit in target size 28 (VERI-1209) (E:\intern\project\uartmod\top.v:39)
[EFX-0011 VERI-WARNING] expression size 29 truncated to fit in target size 28 (VERI-1209) (E:\intern\project\uartmod\top.v:40)
[EFX-0011 VERI-WARNING] expression size 29 truncated to fit in target size 28 (VERI-1209) (E:\intern\project\uartmod\top.v:41)
[EFX-0011 VERI-WARNING] expression size 12 truncated to fit in target size 11 (VERI-1209) (E:\intern\project\uartmod\utx.v:78)
[EFX-0011 VERI-WARNING] expression size 12 truncated to fit in target size 11 (VERI-1209) (E:\intern\project\uartmod\utx.v:96)
[EFX-0011 VERI-WARNING] expression size 4 truncated to fit in target size 3 (VERI-1209) (E:\intern\project\uartmod\utx.v:106)
[EFX-0011 VERI-WARNING] expression size 12 truncated to fit in target size 11 (VERI-1209) (E:\intern\project\uartmod\utx.v:125)
[EFX-0011 VERI-WARNING] expression size 12 truncated to fit in target size 11 (VERI-1209) (E:\intern\project\uartmod\urx.v:77)
[EFX-0011 VERI-WARNING] expression size 12 truncated to fit in target size 11 (VERI-1209) (E:\intern\project\uartmod\urx.v:87)
[EFX-0011 VERI-WARNING] expression size 4 truncated to fit in target size 3 (VERI-1209) (E:\intern\project\uartmod\urx.v:98)
[EFX-0011 VERI-WARNING] expression size 12 truncated to fit in target size 11 (VERI-1209) (E:\intern\project\uartmod\urx.v:116)

///////////////////////////////////
// Efinity Synthesis Started 
// Dec 19, 2023 12:28:23
///////////////////////////////////


///////////////////////////////////
// Efinity Synthesis Started 
// Dec 19, 2023 12:31:33
///////////////////////////////////


///////////////////////////////////
// Efinity Synthesis Started 
// Dec 19, 2023 12:31:50
///////////////////////////////////


///////////////////////////////////
// Efinity Synthesis Started 
// Dec 19, 2023 12:33:09
///////////////////////////////////


///////////////////////////////////
// Efinity Synthesis Started 
// Dec 19, 2023 12:33:26
///////////////////////////////////


///////////////////////////////////
// Efinity Synthesis Started 
// Dec 19, 2023 12:33:45
///////////////////////////////////


///////////////////////////////////
// Efinity Synthesis Started 
// Dec 19, 2023 12:34:13
///////////////////////////////////


///////////////////////////////////
// Efinity Synthesis Started 
// Dec 19, 2023 12:41:33
///////////////////////////////////

[EFX-0011 VERI-WARNING] overflow of 32-bit signed integer 3000000000; using -1294967296 instead (VERI-2271) (E:\intern\project\uartmod\top.v:63)
[EFX-0011 VERI-WARNING] overflow of 32-bit signed integer 4000000000; using -294967296 instead (VERI-2271) (E:\intern\project\uartmod\top.v:68)

///////////////////////////////////
// Efinity Synthesis Started 
// Dec 19, 2023 12:42:43
///////////////////////////////////

[EFX-0011 VERI-WARNING] overflow of 32-bit signed integer 3000000000; using -1294967296 instead (VERI-2271) (E:\intern\project\uartmod\top.v:63)
[EFX-0011 VERI-WARNING] overflow of 32-bit signed integer 4000000000; using -294967296 instead (VERI-2271) (E:\intern\project\uartmod\top.v:68)

///////////////////////////////////
// Efinity Synthesis Started 
// Dec 19, 2023 12:44:30
///////////////////////////////////

[EFX-0011 VERI-WARNING] overflow of 32-bit signed integer 3000000000; using -1294967296 instead (VERI-2271) (E:\intern\project\uartmod\top.v:63)
[EFX-0011 VERI-WARNING] overflow of 32-bit signed integer 4000000000; using -294967296 instead (VERI-2271) (E:\intern\project\uartmod\top.v:68)

///////////////////////////////////
// Efinity Synthesis Started 
// Dec 19, 2023 12:44:57
///////////////////////////////////

[EFX-0011 VERI-WARNING] overflow of 32-bit signed integer 3000000000; using -1294967296 instead (VERI-2271) (E:\intern\project\uartmod\top.v:63)
[EFX-0011 VERI-WARNING] overflow of 32-bit signed integer 4000000000; using -294967296 instead (VERI-2271) (E:\intern\project\uartmod\top.v:68)
[EFX-0011 VERI-WARNING] port 'o_Tx_Active' remains unconnected for this instance (VERI-1927) (E:\intern\project\uartmod\top.v:89)
[EFX-0011 VERI-WARNING] expression size 29 truncated to fit in target size 28 (VERI-1209) (E:\intern\project\uartmod\top.v:45)
[EFX-0011 VERI-WARNING] expression size 29 truncated to fit in target size 28 (VERI-1209) (E:\intern\project\uartmod\top.v:46)
[EFX-0011 VERI-WARNING] expression size 29 truncated to fit in target size 28 (VERI-1209) (E:\intern\project\uartmod\top.v:47)
[EFX-0011 VERI-WARNING] expression size 29 truncated to fit in target size 28 (VERI-1209) (E:\intern\project\uartmod\top.v:48)
[EFX-0011 VERI-WARNING] expression size 12 truncated to fit in target size 11 (VERI-1209) (E:\intern\project\uartmod\utx.v:78)
[EFX-0011 VERI-WARNING] expression size 12 truncated to fit in target size 11 (VERI-1209) (E:\intern\project\uartmod\utx.v:96)
[EFX-0011 VERI-WARNING] expression size 4 truncated to fit in target size 3 (VERI-1209) (E:\intern\project\uartmod\utx.v:106)
[EFX-0011 VERI-WARNING] expression size 12 truncated to fit in target size 11 (VERI-1209) (E:\intern\project\uartmod\utx.v:125)
[EFX-0011 VERI-WARNING] expression size 12 truncated to fit in target size 11 (VERI-1209) (E:\intern\project\uartmod\urx.v:77)
[EFX-0011 VERI-WARNING] expression size 12 truncated to fit in target size 11 (VERI-1209) (E:\intern\project\uartmod\urx.v:87)
[EFX-0011 VERI-WARNING] expression size 4 truncated to fit in target size 3 (VERI-1209) (E:\intern\project\uartmod\urx.v:98)
[EFX-0011 VERI-WARNING] expression size 12 truncated to fit in target size 11 (VERI-1209) (E:\intern\project\uartmod\urx.v:116)

///////////////////////////////////
// Efinity Synthesis Started 
// Dec 19, 2023 12:55:11
///////////////////////////////////

[EFX-0011 VERI-WARNING] port 'o_Tx_Active' remains unconnected for this instance (VERI-1927) (E:\intern\project\uartmod\top.v:89)
[EFX-0011 VERI-WARNING] expression size 29 truncated to fit in target size 28 (VERI-1209) (E:\intern\project\uartmod\top.v:45)
[EFX-0011 VERI-WARNING] expression size 29 truncated to fit in target size 28 (VERI-1209) (E:\intern\project\uartmod\top.v:46)
[EFX-0011 VERI-WARNING] expression size 29 truncated to fit in target size 28 (VERI-1209) (E:\intern\project\uartmod\top.v:47)
[EFX-0011 VERI-WARNING] expression size 29 truncated to fit in target size 28 (VERI-1209) (E:\intern\project\uartmod\top.v:48)
[EFX-0011 VERI-WARNING] expression size 12 truncated to fit in target size 11 (VERI-1209) (E:\intern\project\uartmod\utx.v:78)
[EFX-0011 VERI-WARNING] expression size 12 truncated to fit in target size 11 (VERI-1209) (E:\intern\project\uartmod\utx.v:96)
[EFX-0011 VERI-WARNING] expression size 4 truncated to fit in target size 3 (VERI-1209) (E:\intern\project\uartmod\utx.v:106)
[EFX-0011 VERI-WARNING] expression size 12 truncated to fit in target size 11 (VERI-1209) (E:\intern\project\uartmod\utx.v:125)
[EFX-0011 VERI-WARNING] expression size 12 truncated to fit in target size 11 (VERI-1209) (E:\intern\project\uartmod\urx.v:77)
[EFX-0011 VERI-WARNING] expression size 12 truncated to fit in target size 11 (VERI-1209) (E:\intern\project\uartmod\urx.v:87)
[EFX-0011 VERI-WARNING] expression size 4 truncated to fit in target size 3 (VERI-1209) (E:\intern\project\uartmod\urx.v:98)
[EFX-0011 VERI-WARNING] expression size 12 truncated to fit in target size 11 (VERI-1209) (E:\intern\project\uartmod\urx.v:116)

///////////////////////////////////
// Efinity Synthesis Started 
// Dec 19, 2023 14:14:11
///////////////////////////////////

[EFX-0011 VERI-WARNING] port 'o_Tx_Active' remains unconnected for this instance (VERI-1927) (E:\intern\project\uartmod\top.v:87)
[EFX-0011 VERI-WARNING] expression size 29 truncated to fit in target size 28 (VERI-1209) (E:\intern\project\uartmod\top.v:45)
[EFX-0011 VERI-WARNING] expression size 29 truncated to fit in target size 28 (VERI-1209) (E:\intern\project\uartmod\top.v:46)
[EFX-0011 VERI-WARNING] expression size 29 truncated to fit in target size 28 (VERI-1209) (E:\intern\project\uartmod\top.v:47)
[EFX-0011 VERI-WARNING] expression size 29 truncated to fit in target size 28 (VERI-1209) (E:\intern\project\uartmod\top.v:48)
[EFX-0011 VERI-WARNING] expression size 12 truncated to fit in target size 11 (VERI-1209) (E:\intern\project\uartmod\utx.v:78)
[EFX-0011 VERI-WARNING] expression size 12 truncated to fit in target size 11 (VERI-1209) (E:\intern\project\uartmod\utx.v:96)
[EFX-0011 VERI-WARNING] expression size 4 truncated to fit in target size 3 (VERI-1209) (E:\intern\project\uartmod\utx.v:106)
[EFX-0011 VERI-WARNING] expression size 12 truncated to fit in target size 11 (VERI-1209) (E:\intern\project\uartmod\utx.v:125)
[EFX-0011 VERI-WARNING] expression size 12 truncated to fit in target size 11 (VERI-1209) (E:\intern\project\uartmod\urx.v:77)
[EFX-0011 VERI-WARNING] expression size 12 truncated to fit in target size 11 (VERI-1209) (E:\intern\project\uartmod\urx.v:87)
[EFX-0011 VERI-WARNING] expression size 4 truncated to fit in target size 3 (VERI-1209) (E:\intern\project\uartmod\urx.v:98)
[EFX-0011 VERI-WARNING] expression size 12 truncated to fit in target size 11 (VERI-1209) (E:\intern\project\uartmod\urx.v:116)

///////////////////////////////////
// Efinity Synthesis Started 
// Dec 19, 2023 14:15:11
///////////////////////////////////


///////////////////////////////////
// Efinity Synthesis Started 
// Dec 19, 2023 14:15:34
///////////////////////////////////

[EFX-0011 VERI-WARNING] port 'o_Tx_Active' remains unconnected for this instance (VERI-1927) (E:\intern\project\uartmod\top.v:87)
[EFX-0011 VERI-WARNING] expression size 29 truncated to fit in target size 28 (VERI-1209) (E:\intern\project\uartmod\top.v:45)
[EFX-0011 VERI-WARNING] expression size 29 truncated to fit in target size 28 (VERI-1209) (E:\intern\project\uartmod\top.v:46)
[EFX-0011 VERI-WARNING] expression size 29 truncated to fit in target size 28 (VERI-1209) (E:\intern\project\uartmod\top.v:47)
[EFX-0011 VERI-WARNING] expression size 29 truncated to fit in target size 28 (VERI-1209) (E:\intern\project\uartmod\top.v:48)
[EFX-0011 VERI-WARNING] expression size 12 truncated to fit in target size 11 (VERI-1209) (E:\intern\project\uartmod\utx.v:78)
[EFX-0011 VERI-WARNING] expression size 12 truncated to fit in target size 11 (VERI-1209) (E:\intern\project\uartmod\utx.v:96)
[EFX-0011 VERI-WARNING] expression size 4 truncated to fit in target size 3 (VERI-1209) (E:\intern\project\uartmod\utx.v:106)
[EFX-0011 VERI-WARNING] expression size 12 truncated to fit in target size 11 (VERI-1209) (E:\intern\project\uartmod\utx.v:125)
[EFX-0011 VERI-WARNING] expression size 12 truncated to fit in target size 11 (VERI-1209) (E:\intern\project\uartmod\urx.v:77)
[EFX-0011 VERI-WARNING] expression size 12 truncated to fit in target size 11 (VERI-1209) (E:\intern\project\uartmod\urx.v:87)
[EFX-0011 VERI-WARNING] expression size 4 truncated to fit in target size 3 (VERI-1209) (E:\intern\project\uartmod\urx.v:98)
[EFX-0011 VERI-WARNING] expression size 12 truncated to fit in target size 11 (VERI-1209) (E:\intern\project\uartmod\urx.v:116)

///////////////////////////////////
// Efinity Synthesis Started 
// Dec 19, 2023 15:53:45
///////////////////////////////////

[EFX-0011 VERI-WARNING] port 'o_Tx_Active' remains unconnected for this instance (VERI-1927) (E:\intern\project\uartmod\top.v:85)
[EFX-0011 VERI-WARNING] expression size 29 truncated to fit in target size 28 (VERI-1209) (E:\intern\project\uartmod\top.v:45)
[EFX-0011 VERI-WARNING] expression size 29 truncated to fit in target size 28 (VERI-1209) (E:\intern\project\uartmod\top.v:46)
[EFX-0011 VERI-WARNING] expression size 29 truncated to fit in target size 28 (VERI-1209) (E:\intern\project\uartmod\top.v:47)
[EFX-0011 VERI-WARNING] expression size 29 truncated to fit in target size 28 (VERI-1209) (E:\intern\project\uartmod\top.v:48)
[EFX-0011 VERI-WARNING] expression size 12 truncated to fit in target size 11 (VERI-1209) (E:\intern\project\uartmod\utx.v:78)
[EFX-0011 VERI-WARNING] expression size 12 truncated to fit in target size 11 (VERI-1209) (E:\intern\project\uartmod\utx.v:96)
[EFX-0011 VERI-WARNING] expression size 4 truncated to fit in target size 3 (VERI-1209) (E:\intern\project\uartmod\utx.v:106)
[EFX-0011 VERI-WARNING] expression size 12 truncated to fit in target size 11 (VERI-1209) (E:\intern\project\uartmod\utx.v:125)
[EFX-0011 VERI-WARNING] expression size 12 truncated to fit in target size 11 (VERI-1209) (E:\intern\project\uartmod\urx.v:77)
[EFX-0011 VERI-WARNING] expression size 12 truncated to fit in target size 11 (VERI-1209) (E:\intern\project\uartmod\urx.v:87)
[EFX-0011 VERI-WARNING] expression size 4 truncated to fit in target size 3 (VERI-1209) (E:\intern\project\uartmod\urx.v:98)
[EFX-0011 VERI-WARNING] expression size 12 truncated to fit in target size 11 (VERI-1209) (E:\intern\project\uartmod\urx.v:116)

///////////////////////////////////
// Efinity Synthesis Started 
// Dec 19, 2023 15:58:19
///////////////////////////////////

[EFX-0011 VERI-WARNING] port 'o_Tx_Active' remains unconnected for this instance (VERI-1927) (E:\intern\project\uartmod\top.v:83)
[EFX-0011 VERI-WARNING] expression size 29 truncated to fit in target size 28 (VERI-1209) (E:\intern\project\uartmod\top.v:43)
[EFX-0011 VERI-WARNING] expression size 29 truncated to fit in target size 28 (VERI-1209) (E:\intern\project\uartmod\top.v:44)
[EFX-0011 VERI-WARNING] expression size 29 truncated to fit in target size 28 (VERI-1209) (E:\intern\project\uartmod\top.v:45)
[EFX-0011 VERI-WARNING] expression size 29 truncated to fit in target size 28 (VERI-1209) (E:\intern\project\uartmod\top.v:46)
[EFX-0011 VERI-WARNING] expression size 12 truncated to fit in target size 11 (VERI-1209) (E:\intern\project\uartmod\utx.v:78)
[EFX-0011 VERI-WARNING] expression size 12 truncated to fit in target size 11 (VERI-1209) (E:\intern\project\uartmod\utx.v:96)
[EFX-0011 VERI-WARNING] expression size 4 truncated to fit in target size 3 (VERI-1209) (E:\intern\project\uartmod\utx.v:106)
[EFX-0011 VERI-WARNING] expression size 12 truncated to fit in target size 11 (VERI-1209) (E:\intern\project\uartmod\utx.v:125)
[EFX-0011 VERI-WARNING] expression size 12 truncated to fit in target size 11 (VERI-1209) (E:\intern\project\uartmod\urx.v:77)
[EFX-0011 VERI-WARNING] expression size 12 truncated to fit in target size 11 (VERI-1209) (E:\intern\project\uartmod\urx.v:87)
[EFX-0011 VERI-WARNING] expression size 4 truncated to fit in target size 3 (VERI-1209) (E:\intern\project\uartmod\urx.v:98)
[EFX-0011 VERI-WARNING] expression size 12 truncated to fit in target size 11 (VERI-1209) (E:\intern\project\uartmod\urx.v:116)

///////////////////////////////////
// Efinity Synthesis Started 
// Dec 19, 2023 16:00:40
///////////////////////////////////

[EFX-0011 VERI-WARNING] illegal empty item in case item list (VERI-1770) (E:\intern\project\uartmod\top.v:90)
[EFX-0011 VERI-WARNING] illegal empty item in case item list (VERI-1770) (E:\intern\project\uartmod\top.v:92)

///////////////////////////////////
// Efinity Synthesis Started 
// Dec 19, 2023 16:00:57
///////////////////////////////////

[EFX-0011 VERI-WARNING] port 'o_Tx_Active' remains unconnected for this instance (VERI-1927) (E:\intern\project\uartmod\top.v:90)
[EFX-0011 VERI-WARNING] expression size 29 truncated to fit in target size 28 (VERI-1209) (E:\intern\project\uartmod\top.v:45)
[EFX-0011 VERI-WARNING] expression size 29 truncated to fit in target size 28 (VERI-1209) (E:\intern\project\uartmod\top.v:51)
[EFX-0011 VERI-WARNING] expression size 29 truncated to fit in target size 28 (VERI-1209) (E:\intern\project\uartmod\top.v:52)
[EFX-0011 VERI-WARNING] expression size 29 truncated to fit in target size 28 (VERI-1209) (E:\intern\project\uartmod\top.v:53)
[EFX-0011 VERI-WARNING] expression size 12 truncated to fit in target size 11 (VERI-1209) (E:\intern\project\uartmod\utx.v:78)
[EFX-0011 VERI-WARNING] expression size 12 truncated to fit in target size 11 (VERI-1209) (E:\intern\project\uartmod\utx.v:96)
[EFX-0011 VERI-WARNING] expression size 4 truncated to fit in target size 3 (VERI-1209) (E:\intern\project\uartmod\utx.v:106)
[EFX-0011 VERI-WARNING] expression size 12 truncated to fit in target size 11 (VERI-1209) (E:\intern\project\uartmod\utx.v:125)
[EFX-0011 VERI-WARNING] expression size 12 truncated to fit in target size 11 (VERI-1209) (E:\intern\project\uartmod\urx.v:77)
[EFX-0011 VERI-WARNING] expression size 12 truncated to fit in target size 11 (VERI-1209) (E:\intern\project\uartmod\urx.v:87)
[EFX-0011 VERI-WARNING] expression size 4 truncated to fit in target size 3 (VERI-1209) (E:\intern\project\uartmod\urx.v:98)
[EFX-0011 VERI-WARNING] expression size 12 truncated to fit in target size 11 (VERI-1209) (E:\intern\project\uartmod\urx.v:116)
[EFX-0256 WARNING] The primary output port 'led_2' wire 'led_2' is not driven.
[EFX-0256 WARNING] The primary output port 'led_3' wire 'led_3' is not driven.
[EFX-0256 WARNING] The primary output port 'led_4' wire 'led_4' is not driven.
[EFX-0256 WARNING] The primary output port 'led_2' wire 'led_2' is not driven.
[EFX-0256 WARNING] The primary output port 'led_3' wire 'led_3' is not driven.
[EFX-0256 WARNING] The primary output port 'led_4' wire 'led_4' is not driven.
[EFX-0201 WARNING] Re-wiring to GND non-driven net 'led_2'. (E:\intern\project\uartmod\top.v:31)
[EFX-0201 WARNING] Re-wiring to GND non-driven net 'led_3'. (E:\intern\project\uartmod\top.v:32)
[EFX-0201 WARNING] Re-wiring to GND non-driven net 'led_4'. (E:\intern\project\uartmod\top.v:33)

///////////////////////////////////
// Efinity Synthesis Started 
// Jan 18, 2024 10:07:12
///////////////////////////////////

[EFX-0011 VERI-WARNING] port 'o_Tx_Active' remains unconnected for this instance (VERI-1927) (E:\intern\project\uartmod\top.v:90)
[EFX-0011 VERI-WARNING] expression size 29 truncated to fit in target size 28 (VERI-1209) (E:\intern\project\uartmod\top.v:45)
[EFX-0011 VERI-WARNING] expression size 29 truncated to fit in target size 28 (VERI-1209) (E:\intern\project\uartmod\top.v:51)
[EFX-0011 VERI-WARNING] expression size 29 truncated to fit in target size 28 (VERI-1209) (E:\intern\project\uartmod\top.v:52)
[EFX-0011 VERI-WARNING] expression size 29 truncated to fit in target size 28 (VERI-1209) (E:\intern\project\uartmod\top.v:53)
[EFX-0011 VERI-WARNING] expression size 12 truncated to fit in target size 11 (VERI-1209) (E:\intern\project\uartmod\utx.v:78)
[EFX-0011 VERI-WARNING] expression size 12 truncated to fit in target size 11 (VERI-1209) (E:\intern\project\uartmod\utx.v:96)
[EFX-0011 VERI-WARNING] expression size 4 truncated to fit in target size 3 (VERI-1209) (E:\intern\project\uartmod\utx.v:106)
[EFX-0011 VERI-WARNING] expression size 12 truncated to fit in target size 11 (VERI-1209) (E:\intern\project\uartmod\utx.v:125)
[EFX-0011 VERI-WARNING] expression size 12 truncated to fit in target size 11 (VERI-1209) (E:\intern\project\uartmod\urx.v:77)
[EFX-0011 VERI-WARNING] expression size 12 truncated to fit in target size 11 (VERI-1209) (E:\intern\project\uartmod\urx.v:87)
[EFX-0011 VERI-WARNING] expression size 4 truncated to fit in target size 3 (VERI-1209) (E:\intern\project\uartmod\urx.v:98)
[EFX-0011 VERI-WARNING] expression size 12 truncated to fit in target size 11 (VERI-1209) (E:\intern\project\uartmod\urx.v:116)
[EFX-0256 WARNING] The primary output port 'led_2' wire 'led_2' is not driven.
[EFX-0256 WARNING] The primary output port 'led_3' wire 'led_3' is not driven.
[EFX-0256 WARNING] The primary output port 'led_4' wire 'led_4' is not driven.
[EFX-0256 WARNING] The primary output port 'led_2' wire 'led_2' is not driven.
[EFX-0256 WARNING] The primary output port 'led_3' wire 'led_3' is not driven.
[EFX-0256 WARNING] The primary output port 'led_4' wire 'led_4' is not driven.
[EFX-0201 WARNING] Re-wiring to GND non-driven net 'led_2'. (E:\intern\project\uartmod\top.v:31)
[EFX-0201 WARNING] Re-wiring to GND non-driven net 'led_3'. (E:\intern\project\uartmod\top.v:32)
[EFX-0201 WARNING] Re-wiring to GND non-driven net 'led_4'. (E:\intern\project\uartmod\top.v:33)
